Assembler report for AER
Wed Dec 29 13:18:52 2021
Quartus Prime Version 20.1.1 Build 720 11/11/2020 SJ Lite Edition


---------------------
; Table of Contents ;
---------------------
  1. Legal Notice
  2. Assembler Summary
  3. Assembler Settings
  4. Assembler Generated Files
  5. Assembler Device Options: C:/Users/Racemuis/Documents/school/m artificial intelligence/semester 1/neuromorphic engineering/neuromorphic_engineering/AER_system/output_files/AER.sof
  6. Assembler Messages



----------------
; Legal Notice ;
----------------
Copyright (C) 2020  Intel Corporation. All rights reserved.
Your use of Intel Corporation's design tools, logic functions 
and other software and tools, and any partner logic 
functions, and any output files from any of the foregoing 
(including device programming or simulation files), and any 
associated documentation or information are expressly subject 
to the terms and conditions of the Intel Program License 
Subscription Agreement, the Intel Quartus Prime License Agreement,
the Intel FPGA IP License Agreement, or other applicable license
agreement, including, without limitation, that your use is for
the sole purpose of programming logic devices manufactured by
Intel and sold by Intel or its authorized distributors.  Please
refer to the applicable agreement for further details, at
https://fpgasoftware.intel.com/eula.



+---------------------------------------------------------------+
; Assembler Summary                                             ;
+-----------------------+---------------------------------------+
; Assembler Status      ; Successful - Wed Dec 29 13:18:52 2021 ;
; Revision Name         ; AER                                   ;
; Top-level Entity Name ; aer                                   ;
; Family                ; Cyclone 10 LP                         ;
; Device                ; 10CL006YE144C6G                       ;
+-----------------------+---------------------------------------+


+----------------------------------+
; Assembler Settings               ;
+--------+---------+---------------+
; Option ; Setting ; Default Value ;
+--------+---------+---------------+


+-----------------------------------------------------------------------------------------------------------------------------------------------------------+
; Assembler Generated Files                                                                                                                                 ;
+-----------------------------------------------------------------------------------------------------------------------------------------------------------+
; File Name                                                                                                                                                 ;
+-----------------------------------------------------------------------------------------------------------------------------------------------------------+
; C:/Users/Racemuis/Documents/school/m artificial intelligence/semester 1/neuromorphic engineering/neuromorphic_engineering/AER_system/output_files/AER.sof ;
+-----------------------------------------------------------------------------------------------------------------------------------------------------------+


+-------------------------------------------------------------------------------------------------------------------------------------------------------------------------------------+
; Assembler Device Options: C:/Users/Racemuis/Documents/school/m artificial intelligence/semester 1/neuromorphic engineering/neuromorphic_engineering/AER_system/output_files/AER.sof ;
+----------------+--------------------------------------------------------------------------------------------------------------------------------------------------------------------+
; Option         ; Setting                                                                                                                                                            ;
+----------------+--------------------------------------------------------------------------------------------------------------------------------------------------------------------+
; JTAG usercode  ; 0x000AC56F                                                                                                                                                         ;
; Checksum       ; 0x000AC56F                                                                                                                                                         ;
+----------------+--------------------------------------------------------------------------------------------------------------------------------------------------------------------+


+--------------------+
; Assembler Messages ;
+--------------------+
Info: *******************************************************************
Info: Running Quartus Prime Assembler
    Info: Version 20.1.1 Build 720 11/11/2020 SJ Lite Edition
    Info: Processing started: Wed Dec 29 13:18:51 2021
Info: Command: quartus_asm --read_settings_files=off --write_settings_files=off AER -c AER
Warning (18236): Number of processors has not been specified which may cause overloading on shared machines.  Set the global assignment NUM_PARALLEL_PROCESSORS in your QSF to an appropriate value for best performance.
Info (115031): Writing out detailed assembly data for power analysis
Info (115030): Assembler is generating device programming files
Info: Quartus Prime Assembler was successful. 0 errors, 1 warning
    Info: Peak virtual memory: 4679 megabytes
    Info: Processing ended: Wed Dec 29 13:18:52 2021
    Info: Elapsed time: 00:00:01
    Info: Total CPU time (on all processors): 00:00:01


